make all --print-data-base --no-builtin-variables --no-builtin-rules --question
# GNU Make 3.81
# Copyright (C) 2006  Free Software Foundation, Inc.
# This is free software; see the source for copying conditions.
# There is NO warranty; not even for MERCHANTABILITY or FITNESS FOR A
# PARTICULAR PURPOSE.

# This program built for i386-apple-darwin11.3.0
 

# Make data base, printed on Mon Aug  8 18:16:51 2022

# Variables

# automatic
<D = $(patsubst %/,%,$(dir $<))
# automatic
?F = $(notdir $?)
# makefile (from `Makefile', line 23)
OBJ = $(patsubst %.c, %.o, $(SRCS))
# automatic
?D = $(patsubst %/,%,$(dir $?))
# automatic
@D = $(patsubst %/,%,$(dir $@))
# automatic
@F = $(notdir $@)
# makefile
CURDIR := /Users/artur/Documents/School 21/push_swap
# makefile
SHELL = /bin/sh
# environment
VSCODE_NLS_CONFIG = {"locale":"ru","availableLanguages":{"*":"ru"},"_languagePackId":"f1271d778ec77496b280bb178e5ed275.ru","_translationsConfigFile":"/Users/artur/Library/Application Support/Code/clp/f1271d778ec77496b280bb178e5ed275.ru/tcf.json","_cacheRoot":"/Users/artur/Library/Application Support/Code/clp/f1271d778ec77496b280bb178e5ed275.ru","_resolvedLanguagePackCoreLocation":"/Users/artur/Library/Application Support/Code/clp/f1271d778ec77496b280bb178e5ed275.ru/3b889b090b5ad5793f524b5d1d39fda662b96a2a","_corruptedFile":"/Users/artur/Library/Application Support/Code/clp/f1271d778ec77496b280bb178e5ed275.ru/corrupted.info","_languagePackSupport":true}
# environment
_ = /usr/bin/make
# makefile (from `Makefile', line 1)
MAKEFILE_LIST :=  Makefile
# makefile (from `Makefile', line 16)
LIBFTDIR = ./libft
# environment
__CFBundleIdentifier = com.microsoft.VSCode
# environment
VSCODE_CWD = /
# environment
PATH = /Users/artur/Library/Python/3.8/bin:/usr/local/bin:/usr/bin:/bin:/usr/sbin:/sbin:/Library/Apple/usr/bin
# environment
LSCOLORS = Gxfxcxdxbxegedabagacad
# environment
ELECTRON_RUN_AS_NODE = 1
# default
.FEATURES := target-specific order-only second-expansion else-if archives jobserver check-symlink
# environment
SSH_AUTH_SOCK = /private/tmp/com.apple.launchd.rIPf3NRggG/Listeners
# automatic
%F = $(notdir $%)
# makefile (from `Makefile', line 30)
FLAGS_BONUS = -Wall -Wextra -Werror -I$(HEADER_BONUS)
# environment
PWD = /Users/artur/Documents/School 21/push_swap
# environment
ORIGINAL_XDG_CURRENT_DESKTOP = undefined
# environment
VSCODE_AMD_ENTRYPOINT = vs/workbench/api/node/extensionHostProcess
# environment
HOME = /Users/artur
# default
MAKEFILEPATH = $(shell /usr/bin/xcode-select -print-path 2>/dev/null || echo /Developer)/Makefiles
# environment
VSCODE_CODE_CACHE_PATH = /Users/artur/Library/Application Support/Code/CachedData/3b889b090b5ad5793f524b5d1d39fda662b96a2a
# environment
LOGNAME = artur
# environment
APPLICATION_INSIGHTS_NO_DIAGNOSTIC_CHANNEL = 1
# environment
ZSH = /Users/artur/.oh-my-zsh
# environment
VSCODE_HANDLES_UNCAUGHT_ERRORS = true
# automatic
^D = $(patsubst %/,%,$(dir $^))
# environment
XPC_FLAGS = 0x0
# default
MAKE = $(MAKE_COMMAND)
# default
MAKECMDGOALS := all
# makefile (from `Makefile', line 18)
SRCS = push_swap.c check_input.c make_linked_list.c operation.c radix_sort.c sort_for_index.c sort_small_stack.c
# environment
SHLVL = 1
# makefile (from `Makefile', line 27)
CC = gcc
# default
MAKE_VERSION := 3.81
# environment
USER = artur
# makefile
.DEFAULT_GOAL := all
# makefile (from `Makefile', line 13)
NAME = push_swap
# environment
LESS = -R
# automatic
%D = $(patsubst %/,%,$(dir $%))
# default
MAKE_COMMAND := /Library/Developer/CommandLineTools/usr/bin/make
# default
.VARIABLES := 
# environment
TMPDIR = /var/folders/x9/1bwcjqp56sd89d06qhqnsnvr0000gn/T/
# automatic
*F = $(notdir $*)
# environment
VSCODE_IPC_HOOK = /Users/artur/Library/Application Support/Code/1.69.2-main.sock
# environment
MallocNanoZone = 0
# makefile
MAKEFLAGS = Rrqp
# environment
MFLAGS = -Rrqp
# automatic
*D = $(patsubst %/,%,$(dir $*))
# environment
XPC_SERVICE_NAME = application.com.microsoft.VSCode.13624238.13624244
# automatic
+D = $(patsubst %/,%,$(dir $+))
# makefile (from `Makefile', line 25)
OBJ_B = $(patsubst %.c, %.o, $(SRCS_B))
# automatic
+F = $(notdir $+)
# environment
__CF_USER_TEXT_ENCODING = 0x1F5:0x7:0x31
# environment
COMMAND_MODE = unix2003
# default
MAKEFILES := 
# automatic
<F = $(notdir $<)
# environment
PAGER = less
# environment
LC_ALL = C
# makefile (from `Makefile', line 21)
HEADER = push_swap.h
# automatic
^F = $(notdir $^)
# default
SUFFIXES := 
# makefile (from `Makefile', line 28)
FLAGS = -Wall -Wextra -Werror -I$(HEADER)
# makefile (from `Makefile', line 19)
SRCS_B = bonus/checker.c check_input.c make_linked_list.c operation.c sort_for_index.c get_next_line.c radix_sort.c sort_small_stack.c
# default
.INCLUDE_DIRS = /usr/local/include
# environment
MAKELEVEL := 0
# environment
LANG = C
# environment
VSCODE_PID = 7744
# makefile (from `Makefile', line 14)
NAME_B = checker
# variable set hash-table stats:
# Load=73/1024=7%, Rehash=0, Collisions=3/113=3%

# Pattern-specific Variable Values

# No pattern-specific variable values.

# Directories

# . (device 16777233, inode 9392358): 17 files, no impossibilities.

# 17 files, no impossibilities in 1 directories.

# Implicit Rules

%.o: %.c push_swap.h
#  commands to execute (from `Makefile', line 41):
	$(CC) $(FLAGS) -c $< -o $@
	

# 1 implicit rules, 0 (0.0%) terminal.

# Files

# Not a target:
radix_sort.o:
#  Implicit rule search has not been done.
#  Modification time never checked.
#  File has not been updated.

# Not a target:
push_swap.c:
#  Implicit rule search has been done.
#  Last modified 2022-02-05 00:12:47
#  File has been updated.
#  Successfully updated.
# variable set hash-table stats:
# Load=0/32=0%, Rehash=0, Collisions=0/0=0%

all: push_swap
#  Phony target (prerequisite of .PHONY).
#  Command-line target.
#  Implicit rule search has not been done.
#  File does not exist.
#  File has been updated.
#  Needs to be updated (-q is set).
# variable set hash-table stats:
# Load=0/32=0%, Rehash=0, Collisions=0/5=0%

.PHONY: all clean fclean re bonus
#  Implicit rule search has not been done.
#  Modification time never checked.
#  File has not been updated.

# Not a target:
make_linked_list.o:
#  Implicit rule search has not been done.
#  Modification time never checked.
#  File has not been updated.

# Not a target:
push_swap.h:
#  Implicit rule search has been done.
#  Last modified 2022-02-05 00:38:37
#  File has been updated.
#  Successfully updated.
# variable set hash-table stats:
# Load=0/32=0%, Rehash=0, Collisions=0/0=0%

# Not a target:
.SUFFIXES:
#  Implicit rule search has not been done.
#  Modification time never checked.
#  File has not been updated.

# Not a target:
Makefile:
#  Implicit rule search has been done.
#  Last modified 2022-02-05 00:11:33
#  File has been updated.
#  Successfully updated.
# variable set hash-table stats:
# Load=0/32=0%, Rehash=0, Collisions=0/0=0%

# Not a target:
sort_for_index.o:
#  Implicit rule search has not been done.
#  Modification time never checked.
#  File has not been updated.

# Not a target:
bonus/checker.o:
#  Implicit rule search has not been done.
#  Modification time never checked.
#  File has not been updated.

bonus: checker
#  Phony target (prerequisite of .PHONY).
#  Implicit rule search has not been done.
#  File does not exist.
#  File has not been updated.

fclean: clean
#  Phony target (prerequisite of .PHONY).
#  Implicit rule search has not been done.
#  File does not exist.
#  File has not been updated.
#  commands to execute (from `Makefile', line 49):
	@rm -f $(NAME)
	@rm -f $(NAME_B)
	@make fclean -C $(LIBFTDIR)
	

# Not a target:
.DEFAULT:
#  Implicit rule search has not been done.
#  Modification time never checked.
#  File has not been updated.

checker: bonus/checker.o check_input.o make_linked_list.o operation.o sort_for_index.o get_next_line.o radix_sort.o sort_small_stack.o push_swap.h
#  Implicit rule search has not been done.
#  Modification time never checked.
#  File has not been updated.
#  commands to execute (from `Makefile', line 54):
	@make bonus -C $(LIBFTDIR)
	$(CC) -L./libft -lft $(OBJ_B) -o $(NAME_B)
	

re: fclean all
#  Phony target (prerequisite of .PHONY).
#  Implicit rule search has not been done.
#  File does not exist.
#  File has not been updated.

clean:
#  Phony target (prerequisite of .PHONY).
#  Implicit rule search has not been done.
#  File does not exist.
#  File has not been updated.
#  commands to execute (from `Makefile', line 44):
	@rm -f $(OBJ)
	@rm -f $(OBJ_B)
	@make clean -C $(LIBFTDIR)
	

 
push_swap.o: push_swap.c push_swap.h
#  Implicit rule search has been done.
#  Implicit/static pattern stem: `push_swap'
#  File does not exist.
#  File has been updated.
#  Needs to be updated (-q is set).
# automatic
# @ := push_swap.o
# automatic
# % := 
# automatic
# * := push_swap
# automatic
# + := push_swap.c push_swap.h
# automatic
# | := 
# automatic
# < := push_swap.c
# automatic
# ^ := push_swap.c push_swap.h
# automatic
# ? := push_swap.c push_swap.h
# variable set hash-table stats:
# Load=8/32=25%, Rehash=0, Collisions=2/15=13%
#  commands to execute (from `Makefile', line 41):
	$(CC) $(FLAGS) -c $< -o $@
	

push_swap: push_swap.o check_input.o make_linked_list.o operation.o radix_sort.o sort_for_index.o sort_small_stack.o push_swap.h
#  Implicit rule search has not been done.
#  File does not exist.
#  File has been updated.
#  Needs to be updated (-q is set).
# variable set hash-table stats:
# Load=0/32=0%, Rehash=0, Collisions=0/5=0%
#  commands to execute (from `Makefile', line 37):
	@make bonus -C $(LIBFTDIR)
	$(CC) -L./libft -lft $(OBJ) -o $(NAME)
	

# Not a target:
sort_small_stack.o:
#  Implicit rule search has not been done.
#  Modification time never checked.
#  File has not been updated.

# Not a target:
check_input.o:
#  Implicit rule search has not been done.
#  Modification time never checked.
#  File has not been updated.

# Not a target:
operation.o:
#  Implicit rule search has not been done.
#  Modification time never checked.
#  File has not been updated.

# Not a target:
get_next_line.o:
#  Implicit rule search has not been done.
#  Modification time never checked.
#  File has not been updated.

# files hash-table stats:
# Load=22/1024=2%, Rehash=0, Collisions=0/67=0%
# VPATH Search Paths

# No `vpath' search paths.

# No general (`VPATH' variable) search path.

# # of strings in strcache: 1
# # of strcache buffers: 1
# strcache size: total = 4096 / max = 4096 / min = 4096 / avg = 4096
# strcache free: total = 4087 / max = 4087 / min = 4087 / avg = 4087

# Finished Make data base on Mon Aug  8 18:16:51 2022

 
